<?xml version="1.0" encoding="UTF-8"?>
<!-- Generated by org.testng.reporters.JUnitReportReporter -->
<testsuite hostname="DESKTOP-NOMISI3" failures="0" tests="36" name="tweetTest.TweetAPIClientRunaTest" time="4.457" errors="0" timestamp="2020-11-28T16:07:01 EST" skipped="32">
  <testcase classname="tweetTest.TweetAPIClientRunaTest" name="UserCreateFollowerListTest" time="2.905"/>
  <system-out/>
  <testcase classname="tweetTest.TweetAPIClientRunaTest" name="testUserCanTweetSuccessfully" time="0.295"/>
  <system-out/>
  <testcase classname="tweetTest.TweetAPIClientRunaTest" name="mediaHeaderValueTest" time="0.226"/>
  <system-out/>
  <testcase classname="tweetTest.TweetAPIClientRunaTest" name="getUserUploadLookUpTest" time="1.031"/>
  <system-out/>
  <testcase classname="tweetTest.TweetAPIClientRunaTest" name="userCandeleteCollectionList">
    <skipped/>
  </testcase> <!-- userCandeleteCollectionList -->
  <system-out/>
  <testcase classname="tweetTest.TweetAPIClientRunaTest" name="getGeoTweettTesst">
    <skipped/>
  </testcase> <!-- getGeoTweettTesst -->
  <system-out/>
  <testcase classname="tweetTest.TweetAPIClientRunaTest" name="testPropertyFromResponse">
    <skipped/>
  </testcase> <!-- testPropertyFromResponse -->
  <system-out/>
  <testcase classname="tweetTest.TweetAPIClientRunaTest" name="collectionBodyValueTest">
    <skipped/>
  </testcase> <!-- collectionBodyValueTest -->
  <system-out/>
  <testcase classname="tweetTest.TweetAPIClientRunaTest" name="getTRENDSTweetTesst">
    <skipped/>
  </testcase> <!-- getTRENDSTweetTesst -->
  <system-out/>
  <testcase classname="tweetTest.TweetAPIClientRunaTest" name="testGetmethod">
    <skipped/>
  </testcase> <!-- testGetmethod -->
  <system-out/>
  <testcase classname="tweetTest.TweetAPIClientRunaTest" name="getUserTimeFromTweterTest">
    <skipped/>
  </testcase> <!-- getUserTimeFromTweterTest -->
  <system-out/>
  <testcase classname="tweetTest.TweetAPIClientRunaTest" name="createMediaTest">
    <skipped/>
  </testcase> <!-- createMediaTest -->
  <system-out/>
  <testcase classname="tweetTest.TweetAPIClientRunaTest" name="getTrendsAvaliableTest">
    <skipped/>
  </testcase> <!-- getTrendsAvaliableTest -->
  <system-out/>
  <testcase classname="tweetTest.TweetAPIClientRunaTest" name="createDirectMassageTest">
    <skipped/>
  </testcase> <!-- createDirectMassageTest -->
  <system-out/>
  <testcase classname="tweetTest.TweetAPIClientRunaTest" name="deleteTweetValidedTest">
    <skipped/>
  </testcase> <!-- deleteTweetValidedTest -->
  <system-out/>
  <testcase classname="tweetTest.TweetAPIClientRunaTest" name="userCanCreateCollectionList">
    <skipped/>
  </testcase> <!-- userCanCreateCollectionList -->
  <system-out/>
  <testcase classname="tweetTest.TweetAPIClientRunaTest" name="userCanPostTweetSuccessfully">
    <skipped/>
  </testcase> <!-- userCanPostTweetSuccessfully -->
  <system-out/>
  <testcase classname="tweetTest.TweetAPIClientRunaTest" name="userCanCreateMediaSubTitleTest">
    <skipped/>
  </testcase> <!-- userCanCreateMediaSubTitleTest -->
  <system-out/>
  <testcase classname="tweetTest.TweetAPIClientRunaTest" name="getFollowerListTest">
    <skipped/>
  </testcase> <!-- getFollowerListTest -->
  <system-out/>
  <testcase classname="tweetTest.TweetAPIClientRunaTest" name="userCanCreateMediaTweetTest">
    <skipped/>
  </testcase> <!-- userCanCreateMediaTweetTest -->
  <system-out/>
  <testcase classname="tweetTest.TweetAPIClientRunaTest" name="followerBodyValue">
    <skipped/>
  </testcase> <!-- followerBodyValue -->
  <system-out/>
  <testcase classname="tweetTest.TweetAPIClientRunaTest" name="favoritesDeleteTest">
    <skipped/>
  </testcase> <!-- favoritesDeleteTest -->
  <system-out/>
  <testcase classname="tweetTest.TweetAPIClientRunaTest" name="getMediaTweetTest">
    <skipped/>
  </testcase> <!-- getMediaTweetTest -->
  <system-out/>
  <testcase classname="tweetTest.TweetAPIClientRunaTest" name="testUserCanNotTweetTheSameTweetTwiceInARow">
    <skipped/>
  </testcase> <!-- testUserCanNotTweetTheSameTweetTwiceInARow -->
  <system-out/>
  <testcase classname="tweetTest.TweetAPIClientRunaTest" name="getUserCollectionTest">
    <skipped/>
  </testcase> <!-- getUserCollectionTest -->
  <system-out/>
  <testcase classname="tweetTest.TweetAPIClientRunaTest" name="createFavoritesTest">
    <skipped/>
  </testcase> <!-- createFavoritesTest -->
  <system-out/>
  <testcase classname="tweetTest.TweetAPIClientRunaTest" name="createCollectionLsstTest">
    <skipped/>
  </testcase> <!-- createCollectionLsstTest -->
  <system-out/>
  <testcase classname="tweetTest.TweetAPIClientRunaTest" name="getcollectionsTweetTest">
    <skipped/>
  </testcase> <!-- getcollectionsTweetTest -->
  <system-out/>
  <testcase classname="tweetTest.TweetAPIClientRunaTest" name="collectionHeaderValueTest">
    <skipped/>
  </testcase> <!-- collectionHeaderValueTest -->
  <system-out/>
  <testcase classname="tweetTest.TweetAPIClientRunaTest" name="getTrendsPlaceTest">
    <skipped/>
  </testcase> <!-- getTrendsPlaceTest -->
  <system-out/>
  <testcase classname="tweetTest.TweetAPIClientRunaTest" name="createMediaUploadTest">
    <skipped/>
  </testcase> <!-- createMediaUploadTest -->
  <system-out/>
  <testcase classname="tweetTest.TweetAPIClientRunaTest" name="getUserDirectMassageTest">
    <skipped/>
  </testcase> <!-- getUserDirectMassageTest -->
  <system-out/>
  <testcase classname="tweetTest.TweetAPIClientRunaTest" name="testResponseTime">
    <skipped/>
  </testcase> <!-- testResponseTime -->
  <system-out/>
  <testcase classname="tweetTest.TweetAPIClientRunaTest" name="testDelete">
    <skipped/>
  </testcase> <!-- testDelete -->
  <system-out/>
  <testcase classname="tweetTest.TweetAPIClientRunaTest" name="followerHeaderValueTest">
    <skipped/>
  </testcase> <!-- followerHeaderValueTest -->
  <system-out/>
  <testcase classname="tweetTest.TweetAPIClientRunaTest" name="userCanDeleFromTweetTest">
    <skipped/>
  </testcase> <!-- userCanDeleFromTweetTest -->
  <system-out/>
</testsuite> <!-- tweetTest.TweetAPIClientRunaTest -->
