<?xml version="1.0" encoding="UTF-8"?>
<!-- Generated by org.testng.reporters.JUnitReportReporter -->
<testsuite hostname="DESKTOP-NOMISI3" failures="0" tests="1" name="tweetTest.TwiterApiAutomationWithRestAssuredTest" time="0.838" errors="0" timestamp="2020-11-28T16:07:01 EST" skipped="0">
  <testcase classname="tweetTest.TwiterApiAutomationWithRestAssuredTest" name="setUpTweetAPI" time="0.838"/>
  <system-out/>
</testsuite> <!-- tweetTest.TwiterApiAutomationWithRestAssuredTest -->
